  Compiling CUDA source file CudaFile.cu...
  Compiling CUDA source file cudaIncludes.cpp...
  
  C:\Users\Boden\source\repos\3dEngine\3dEngine>"C:\Program Files\NVIDIA GPU Computing Toolkit\CUDA\v12.3\bin\nvcc.exe" -gencode=arch=compute_52,code=\"sm_52,compute_52\" --use-local-env -ccbin "C:\Program Files\Microsoft Visual Studio\2022\Community\VC\Tools\MSVC\14.39.33519\bin\HostX64\x64" -x cu   -IC:\Users\boden\source\repos\3dEngine\3dEngine -IC:\Users\Boden\Documents\3dEngine\3dEngine -I"C:\Program Files\NVIDIA GPU Computing Toolkit\CUDA\v12.3\include" -I"C:\Program Files\NVIDIA GPU Computing Toolkit\CUDA\v12.3\include"  -G   --keep-dir 3dEngine\x64\Debug  -maxrregcount=0   --machine 64 --compile -cudart static -std=c++14 -g  -D_DEBUG -D_CONSOLE -D_UNICODE -DUNICODE -Xcompiler "/EHsc /W3 /nologo /Od /FS /Zi /RTC1 /MDd " -Xcompiler "/Fd3dEngine\x64\Debug\vc143.pdb" -o C:\Users\Boden\source\repos\3dEngine\3dEngine\3dEngine\x64\Debug\CudaFile.cu.obj "C:\Users\Boden\source\repos\3dEngine\3dEngine\CudaFile.cu" 
  
  C:\Users\Boden\source\repos\3dEngine\3dEngine>"C:\Program Files\NVIDIA GPU Computing Toolkit\CUDA\v12.3\bin\nvcc.exe" -gencode=arch=compute_52,code=\"sm_52,compute_52\" --use-local-env -ccbin "C:\Program Files\Microsoft Visual Studio\2022\Community\VC\Tools\MSVC\14.39.33519\bin\HostX64\x64" -x cu   -IC:\Users\boden\source\repos\3dEngine\3dEngine -IC:\Users\Boden\Documents\3dEngine\3dEngine -I"C:\Program Files\NVIDIA GPU Computing Toolkit\CUDA\v12.3\include" -I"C:\Program Files\NVIDIA GPU Computing Toolkit\CUDA\v12.3\include"  -G   --keep-dir 3dEngine\x64\Debug  -maxrregcount=0   --machine 64 --compile -cudart static -std=c++14 -g  -D_DEBUG -D_CONSOLE -D_UNICODE -DUNICODE -Xcompiler "/EHsc /W3 /nologo /Od /FS /Zi /RTC1 /MDd " -Xcompiler "/Fd3dEngine\x64\Debug\vc143.pdb" -o C:\Users\Boden\source\repos\3dEngine\3dEngine\3dEngine\x64\Debug\cudaIncludes.cpp.obj "C:\Users\Boden\source\repos\3dEngine\3dEngine\cudaIncludes.cpp" 
C:\Users\Boden\source\repos\3dEngine\3dEngine\cudaIncludes.cpp(201): warning #512-D: type qualifier on a reference type is not allowed
    	void mesh::triangleWrapper( std::vector<triangle>& const triangles, float width, float height, camera& cam, std::vector<std::array<POINT, 3>>& fixed, int currentThread) {
    	                                                   ^
  
  Remark: The warnings can be suppressed with "-diag-suppress <warning-number>"
  
C:\Users\Boden\source\repos\3dEngine\3dEngine\cudaIncludes.cpp(181): warning #550-D: variable "fullSets" was set but never used
    		int fullSets = 0;
    		    ^
  
  Remark: The warnings can be suppressed with "-diag-suppress <warning-number>"
  
C:\Users\Boden\source\repos\3dEngine\3dEngine\cudaIncludes.cpp(201): warning #512-D: type qualifier on a reference type is not allowed
    	void mesh::triangleWrapper( std::vector<triangle>& const triangles, float width, float height, camera& cam, std::vector<std::array<POINT, 3>>& fixed, int currentThread) {
    	                                                   ^
  
  CudaFile.cu
  cudaIncludes.cpp
  tmpxft_00009be4_00000000-7_CudaFile.cudafe1.cpp
C:\Users\boden\source\repos\3dEngine\3dEngine\cudaIncludes.h(3): warning C4083: expected ')'; found identifier 'warning'
C:\Users\Boden\source\repos\3dEngine\3dEngine\CudaFile.cu(39): warning C4267: 'initializing': conversion from 'size_t' to 'int', possible loss of data
  tmpxft_0000b420_00000000-7_cudaIncludes.cudafe1.cpp
C:\Users\Boden\source\repos\3dEngine\3dEngine\cudaIncludes.h(3): warning C4083: expected ')'; found identifier 'warning'
C:\Users\Boden\source\repos\3dEngine\3dEngine\cudaIncludes.cpp(54): warning C4244: 'initializing': conversion from 'double' to 'float', possible loss of data
C:\Users\Boden\source\repos\3dEngine\3dEngine\cudaIncludes.cpp(55): warning C4244: 'initializing': conversion from 'double' to 'float', possible loss of data
C:\Users\Boden\source\repos\3dEngine\3dEngine\cudaIncludes.cpp(56): warning C4244: 'initializing': conversion from 'double' to 'float', possible loss of data
C:\Users\Boden\source\repos\3dEngine\3dEngine\cudaIncludes.cpp(139): warning C4244: 'initializing': conversion from 'double' to 'float', possible loss of data
C:\Users\Boden\source\repos\3dEngine\3dEngine\cudaIncludes.cpp(186): warning C4267: '=': conversion from 'size_t' to 'int', possible loss of data
C:\Users\Boden\source\repos\3dEngine\3dEngine\cudaIncludes.cpp(203): warning C4267: 'initializing': conversion from 'size_t' to 'int', possible loss of data
C:\Users\Boden\source\repos\3dEngine\3dEngine\cudaIncludes.cpp(214): warning C4244: 'argument': conversion from 'float' to 'int', possible loss of data
C:\Users\Boden\source\repos\3dEngine\3dEngine\cudaIncludes.cpp(214): warning C4244: 'argument': conversion from 'float' to 'int', possible loss of data
C:\Users\Boden\source\repos\3dEngine\3dEngine\cudaIncludes.cpp(238): warning C4267: '=': conversion from 'size_t' to 'int', possible loss of data
  ThreadDefines.cpp
C:\Users\Boden\source\repos\3dEngine\3dEngine\cudaIncludes.h(3,27): warning C4083: expected ')'; found identifier 'warning'
  (compiling source file 'ThreadDefines.cpp')
  
C:\Users\Boden\source\repos\3dEngine\3dEngine\THpool.h(78,20): warning C4267: 'return': conversion from 'size_t' to 'int', possible loss of data
  (compiling source file 'ThreadDefines.cpp')
  
C:\Users\Boden\source\repos\3dEngine\3dEngine\ThreadDefines.cpp(15,38): warning C4244: 'argument': conversion from 'double' to 'float', possible loss of data
C:\Users\Boden\source\repos\3dEngine\3dEngine\ThreadDefines.cpp(15,31): warning C4244: 'argument': conversion from 'double' to 'float', possible loss of data
C:\Users\Boden\source\repos\3dEngine\3dEngine\ThreadDefines.cpp(22,31): warning C4267: '=': conversion from 'size_t' to 'int', possible loss of data
C:\Users\Boden\source\repos\3dEngine\3dEngine\ThreadDefines.cpp(23,32): warning C4267: '=': conversion from 'size_t' to 'int', possible loss of data
C:\Users\Boden\source\repos\3dEngine\3dEngine\ThreadDefines.cpp(27,32): warning C4267: '=': conversion from 'size_t' to 'int', possible loss of data
C:\Users\Boden\source\repos\3dEngine\3dEngine\ThreadDefines.cpp(35,42): warning C4244: 'argument': conversion from 'const double' to 'float', possible loss of data
C:\Users\Boden\source\repos\3dEngine\3dEngine\ThreadDefines.cpp(35,35): warning C4244: 'argument': conversion from 'const double' to 'float', possible loss of data
C:\Users\Boden\source\repos\3dEngine\3dEngine\ThreadDefines.cpp(52,41): warning C4244: 'argument': conversion from 'double' to 'float', possible loss of data
C:\Users\Boden\source\repos\3dEngine\3dEngine\ThreadDefines.cpp(52,34): warning C4244: 'argument': conversion from 'double' to 'float', possible loss of data
C:\Users\Boden\source\repos\3dEngine\3dEngine\ThreadDefines.cpp(109,22): warning C4267: '=': conversion from 'size_t' to 'int', possible loss of data
  main.cpp
C:\Users\boden\source\repos\3dEngine\3dEngine\cudaIncludes.h(3,27): warning C4083: expected ')'; found identifier 'warning'
  (compiling source file 'main.cpp')
  
C:\Users\boden\source\repos\3dEngine\3dEngine\THpool.h(78,20): warning C4267: 'return': conversion from 'size_t' to 'int', possible loss of data
  (compiling source file 'main.cpp')
  
C:\Users\Boden\source\repos\3dEngine\3dEngine\main.cpp(78,32): warning C4244: '=': conversion from 'LONG' to 'float', possible loss of data
C:\Users\Boden\source\repos\3dEngine\3dEngine\main.cpp(79,34): warning C4244: '=': conversion from 'LONG' to 'float', possible loss of data
C:\Users\Boden\source\repos\3dEngine\3dEngine\main.cpp(91,67): warning C4244: 'argument': conversion from 'float' to 'int', possible loss of data
C:\Users\Boden\source\repos\3dEngine\3dEngine\main.cpp(91,60): warning C4244: 'argument': conversion from 'float' to 'int', possible loss of data
C:\Users\Boden\source\repos\3dEngine\3dEngine\main.cpp(141,34): warning C4244: 'argument': conversion from 'float' to 'int', possible loss of data
C:\Users\Boden\source\repos\3dEngine\3dEngine\main.cpp(141,27): warning C4244: 'argument': conversion from 'float' to 'int', possible loss of data
  Generating Code...
C:\Users\Boden\source\repos\3dEngine\3dEngine\main.cpp(155,1): warning C4715: 'WindowProc': not all control paths return a value
  3dEngine.vcxproj -> C:\Users\Boden\source\repos\3dEngine\3dEngine\x64\Debug\3dEngine.exe
